<?xml version="1.0" encoding="UTF-8"?>
<!-- Generated by org.testng.reporters.JUnitReportReporter -->
<testsuite hostname="VAMSI" failures="0" tests="1" name="com.testCases.AccountCreationTest" time="12.057" errors="0" timestamp="2025-09-18T17:51:11 IST" skipped="0">
  <testcase classname="com.testCases.AccountCreationTest" name="AccountCreationPage" time="12.057"/>
</testsuite> <!-- com.testCases.AccountCreationTest -->
